Arguments: 
  C:\Program Files\nodejs\node.exe C:\Users\Chirag\AppData\Roaming\npm\node_modules\yarn\bin\yarn.js install --production=true --flat

PATH: 
  C:\cmder\bin;C:\cmder\vendor\git-for-windows\cmd;C:\Program Files (x86)\Intel\iCLS Client\;C:\Program Files\Intel\iCLS Client\;C:\WINDOWS\system32;C:\WINDOWS;C:\WINDOWS\System32\Wbem;C:\WINDOWS\System32\WindowsPowerShell\v1.0\;C:\Program Files\Intel\Intel(R) Management Engine Components\DAL;C:\Program Files\Intel\Intel(R) Management Engine Components\IPT;C:\Program Files (x86)\Intel\Intel(R) Management Engine Components\DAL;C:\Program Files (x86)\Intel\Intel(R) Management Engine Components\IPT;C:\Program Files (x86)\Common Files\Acronis\SnapAPI\;C:\Program Files\Java\jdk1.8.0_112\bin;C:\apache-maven-3.0.5\bin;C:\curl-7.33.0-win64-ssl-sspi;C:\putty;C:\Program Files\MySQL\MySQL Workbench 6.2 CE;C:\ffmpeg-20141207-git-eb74839-win64-static\bin;C:\Program Files\Intel\WiFi\bin\;C:\Program Files\Common Files\Intel\WirelessCommon\;C:\Program Files (x86)\NVIDIA Corporation\PhysX\Common;C:\WINDOWS\system32;C:\WINDOWS;C:\WINDOWS\System32\Wbem;C:\WINDOWS\System32\WindowsPowerShell\v1.0\;C:\Program Files\OpenVPN\bin;C:\HashiCorp\Vagrant\bin;C:\Program Files\Aladdin\eToken\PKIClient\x32;C:\Program Files\Aladdin\eToken\PKIClient\x64;;C:\WINDOWS\System32\OpenSSH\;C:\Program Files\Microsoft VS Code\bin;C:\Program Files (x86)\Plantronics\Spokes3G\;C:\Program Files\nodejs\;C:\Program Files (x86)\Windows Grep;C:\logstash-1.4.2\bin;C:\Program Files\Intel\WiFi\bin\;C:\Program Files\Common Files\Intel\WirelessCommon\;C:\Users\Chirag\AppData\Local\atom\bin;C:\Users\Chirag\AppData\Local\Google\Cloud SDK\google-cloud-sdk\bin;C:\otto_0.2.0_windows_amd64;C:\cmder\vendor\msysgit\bin;C:\Users\Chirag\AppData\Local\Microsoft\WindowsApps;C:\Program Files (x86)\Microsoft VS Code\bin;C:\DU;C:\Users\Chirag\Downloads\ffmpeg-4.2.1-win64-static\bin;C:\Users\Chirag\AppData\Roaming\npm;C:\cmder\vendor\git-for-windows\usr\bin;C:\cmder\vendor\git-for-windows\usr\share\vim\vim74;C:\cmder\

Yarn version: 
  1.21.1

Node version: 
  12.14.0

Platform: 
  win32 x64

Trace: 
  Error: EPERM: operation not permitted, scandir 'D:\projects\dw\dw-form\node_modules\@types'

npm manifest: 
  {
    "name": "@dreamworld/dw-form",
    "version": "0.0.0-development",
    "description": "",
    "main": "dw-form.js",
    "scripts": {
      "test": "echo \"Error: no test specified\" && exit 1"
    },
    "repository": {
      "type": "git",
      "url": "git+ssh://git@github.com/DreamworldSolutions/dw-form.git"
    },
    "keywords": [
      "lit",
      "form"
    ],
    "author": "Ruchita kheni",
    "license": "ISC",
    "bugs": {
      "url": "https://github.com/DreamworldSolutions/dw-form/issues"
    },
    "homepage": "https://github.com/DreamworldSolutions/dw-form#README",
    "dependencies": {
      "@material/mwc-formfield": "^0.6.0",
      "lit-element": "^2.0.1",
      "lodash": "^4.17.15"
    },
    "devDependencies": {
      "@dreamworld/dw-checkbox": "^1.0.3",
      "@dreamworld/dw-input": "^1.5.0",
      "@dreamworld/flex-layout": "^1.1.0",
      "semantic-release": "beta"
    },
    "publishConfig": {
      "access": "public"
    }
  }

yarn manifest: 
  No manifest

Lockfile: 
  # THIS IS AN AUTOGENERATED FILE. DO NOT EDIT THIS FILE DIRECTLY.
  # yarn lockfile v1
  
  
  "@material/animation@^1.0.0":
    version "1.0.0"
    resolved "https://registry.yarnpkg.com/@material/animation/-/animation-1.0.0.tgz#dfd8575c8b031203917dc838ac0e3c0fe0f6709b"
    integrity sha512-Ed5/vggn6ZhSJ87yn3ZS1d826VJNFz73jHF2bSsgRtHDoB8KCuOwQMfdgAgDa4lKDF6CDIPCKBZPKrs2ubehdw==
    dependencies:
      tslib "^1.9.3"
  
  "@material/base@^1.0.0":
    version "1.0.0"
    resolved "https://registry.yarnpkg.com/@material/base/-/base-1.0.0.tgz#e4ef0b22c54aa887af94f5988fb1c0cb3245beba"
    integrity sha512-5dxFp46x5FA+Epg6YHLzN+5zRt9S2wR84UdvVAEJ1egea94m9UHUg7y9tAnNSN16aexRSywmzyLwPr+i8PGEYA==
    dependencies:
      tslib "^1.9.3"
  
  "@material/dom@^1.1.0":
    version "1.1.0"
    resolved "https://registry.yarnpkg.com/@material/dom/-/dom-1.1.0.tgz#3bd3d1a3415b4181118fecb182d93beda56a6f8c"
    integrity sha512-+HWW38ZaM2UBPu4+7QCusLDSf4tFT31rsEXHkTkxYSg/QpDivfPx6YDz4OmYtafmhPR1d1YjqB3MYysUHdodyw==
    dependencies:
      tslib "^1.9.3"
  
  "@material/feature-targeting@^0.44.1":
    version "0.44.1"
    resolved "https://registry.yarnpkg.com/@material/feature-targeting/-/feature-targeting-0.44.1.tgz#afafc80294e5efab94bee31a187273d43d34979a"
    integrity sha512-90cc7njn4aHbH9UxY8qgZth1W5JgOgcEdWdubH1t7sFkwqFxS5g3zgxSBt46TygFBVIXNZNq35Xmg80wgqO7Pg==
  
  "@material/form-field@^1.0.0":
    version "1.1.0"
    resolved "https://registry.yarnpkg.com/@material/form-field/-/form-field-1.1.0.tgz#4def529d10c416840bdfe5988a320b8c491e7cc1"
    integrity sha512-/m382G90rctenVAbPwTzAVtQGm9Bjnnvde03WPijFE6kirczi6pJWns+cFtN///e5nUc5fhBwNdpEnJmoUYvQg==
    dependencies:
      "@material/base" "^1.0.0"
      "@material/feature-targeting" "^0.44.1"
      "@material/ripple" "^1.1.0"
      "@material/rtl" "^0.42.0"
      "@material/theme" "^1.1.0"
      "@material/typography" "^1.0.0"
      tslib "^1.9.3"
  
  "@material/mwc-base@^0.6.0":
    version "0.6.0"
    resolved "https://registry.yarnpkg.com/@material/mwc-base/-/mwc-base-0.6.0.tgz#2077b5f94c3d8fa2a65736b02c3d380314ea1154"
    integrity sha512-AiMEoU3dkLhuEnK5HJ0yMrdcyq5rUq9LdooxOSLMzPRr/ALT8YS14/oklufYiPagehzJcL0MeiyL40OlSpkyBA==
    dependencies:
      "@material/base" "^1.0.0"
      lit-element "^2.0.1"
      lit-html "^1.0.0"
  
  "@material/mwc-formfield@^0.6.0":
    version "0.6.0"
    resolved "https://registry.yarnpkg.com/@material/mwc-formfield/-/mwc-formfield-0.6.0.tgz#8c22b36b730f40cad8d2d917e1b2de65e6d03273"
    integrity sha512-J5En/wloc8naR6ZkWvDjZkX4NC1skjqr0dAm9vH39UMcndioGkEX1GrvnUwWOAmeThwRBqxkfiqIdZUWjn3S0g==
    dependencies:
      "@material/form-field" "^1.0.0"
      "@material/mwc-base" "^0.6.0"
  
  "@material/ripple@^1.1.0":
    version "1.1.0"
    resolved "https://registry.yarnpkg.com/@material/ripple/-/ripple-1.1.0.tgz#236016fb30c8366faf143297df2c38166d84ffbc"
    integrity sha512-mkfDBZAmxjpRG7V9TrfOmLxt1g/wvGHCXtYPgvH7W8ozjf53edqxLOFENEdvHbie27y9nyixzXn0gzU0HnxSeA==
    dependencies:
      "@material/animation" "^1.0.0"
      "@material/base" "^1.0.0"
      "@material/dom" "^1.1.0"
      "@material/feature-targeting" "^0.44.1"
      "@material/theme" "^1.1.0"
      tslib "^1.9.3"
  
  "@material/rtl@^0.42.0":
    version "0.42.0"
    resolved "https://registry.yarnpkg.com/@material/rtl/-/rtl-0.42.0.tgz#1836e78186c2d8b996f6fbf97adab203535335bc"
    integrity sha512-VrnrKJzhmspsN8WXHuxxBZ69yM5IwhCUqWr1t1eNfw3ZEvEj7i1g3P31HGowKThIN1dc1Wh4LE14rCISWCtv5w==
  
  "@material/theme@^1.1.0":
    version "1.1.0"
    resolved "https://registry.yarnpkg.com/@material/theme/-/theme-1.1.0.tgz#9c95dd804168c23c30589fcf09ecc5af5b3d1adc"
    integrity sha512-YYUV9Rhbx4r/EMb/zoOYJUWjhXChNaLlH1rqt3vpNVyxRcxGqoVMGp5u1XALBCFiD9dACPKLIkKyRYa928nmPQ==
    dependencies:
      "@material/feature-targeting" "^0.44.1"
  
  "@material/typography@^1.0.0":
    version "1.0.0"
    resolved "https://registry.yarnpkg.com/@material/typography/-/typography-1.0.0.tgz#327ecfcac5ee3af8a3a102f3f125a761202f4189"
    integrity sha512-Oeqbjci1cC7jTE8/n3dwnkqKe9ZeWiaE+rgMtRYtRFw1HvAw14SpGA5EEAS/Li2Hu2KZ50FYCe3HYqShfxtChA==
    dependencies:
      "@material/feature-targeting" "^0.44.1"
  
  lit-element@^2.0.1:
    version "2.2.1"
    resolved "https://registry.yarnpkg.com/lit-element/-/lit-element-2.2.1.tgz#79c94d8cfdc2d73b245656e37991bd1e4811d96f"
    integrity sha512-ipDcgQ1EpW6Va2Z6dWm79jYdimVepO5GL0eYkZrFvdr0OD/1N260Q9DH+K5HXHFrRoC7dOg+ZpED2XE0TgGdXw==
    dependencies:
      lit-html "^1.0.0"
  
  lit-html@^1.0.0:
    version "1.1.2"
    resolved "https://registry.yarnpkg.com/lit-html/-/lit-html-1.1.2.tgz#2e3560a7075210243649c888ad738eaf0daa8374"
    integrity sha512-FFlUMKHKi+qG1x1iHNZ1hrtc/zHmfYTyrSvs3/wBTvaNtpZjOZGWzU7efGYVpgp6KvWeKF6ql9/KsCq6Z/mEDA==
  
  tslib@^1.9.3:
    version "1.10.0"
    resolved "https://registry.yarnpkg.com/tslib/-/tslib-1.10.0.tgz#c3c19f95973fb0a62973fb09d90d961ee43e5c8a"
    integrity sha512-qOebF53frne81cf0S9B41ByenJ3/IuH8yJKngAX35CmiZySA0khhkovshKK+jGCaMnVomla7gVlIcc3EvKPbTQ==
